SF:lib\domain\usecases\movie\search_movies.dart
DA:9,1
DA:11,1
DA:12,2
LF:3
LH:3
end_of_record
SF:lib\domain\usecases\tv\search_tv.dart
DA:9,1
DA:11,1
DA:12,2
LF:3
LH:3
end_of_record
SF:lib\presentation\bloc\movies\search_movies_state.dart
DA:5,4
DA:7,1
DA:8,1
DA:18,2
DA:20,1
DA:21,2
DA:27,3
DA:29,1
DA:30,2
LF:9
LH:9
end_of_record
SF:lib\presentation\bloc\movies\search_movies_event.dart
DA:5,1
DA:7,0
DA:8,0
DA:14,1
DA:16,0
DA:17,0
LF:6
LH:2
end_of_record
SF:lib\presentation\bloc\movies\search_movies_bloc.dart
DA:14,1
DA:15,2
DA:16,2
DA:17,1
DA:19,2
DA:21,2
DA:23,1
DA:24,1
DA:25,3
DA:27,1
DA:28,2
DA:31,1
DA:34,1
DA:36,3
LF:14
LH:14
end_of_record
SF:lib\presentation\bloc\tvs\search_tvs_event.dart
DA:5,1
DA:7,0
DA:8,0
DA:14,1
DA:16,0
DA:17,0
LF:6
LH:2
end_of_record
SF:lib\presentation\bloc\tvs\search_tvs_state.dart
DA:5,2
DA:7,1
DA:8,1
DA:18,1
DA:20,1
DA:21,2
DA:27,2
DA:29,1
DA:30,2
LF:9
LH:9
end_of_record
SF:lib\presentation\bloc\tvs\search_tvs_bloc.dart
DA:15,1
DA:16,2
DA:17,2
DA:18,1
DA:20,2
DA:22,2
DA:24,1
DA:25,1
DA:26,3
DA:28,1
DA:29,2
DA:32,1
DA:35,1
DA:37,3
LF:14
LH:14
end_of_record
SF:lib\presentation\pages\search_tv_part.dart
DA:5,2
DA:7,0
DA:9,0
DA:11,0
DA:12,0
DA:13,0
DA:14,0
DA:18,0
DA:19,0
DA:20,0
DA:21,0
DA:24,0
DA:25,0
DA:27,0
DA:30,0
DA:31,0
DA:32,0
DA:33,0
DA:35,0
LF:19
LH:1
end_of_record
SF:lib\presentation\pages\search_movie_part.dart
DA:4,2
DA:6,1
DA:8,1
DA:10,1
DA:11,1
DA:12,1
DA:13,1
DA:17,1
DA:18,1
DA:19,2
DA:21,0
DA:24,0
DA:25,0
DA:27,0
DA:30,1
DA:31,1
DA:32,4
DA:33,1
DA:35,2
LF:19
LH:15
end_of_record
SF:lib\presentation\pages\search_page.dart
DA:14,1
DA:15,1
DA:17,1
DA:19,1
DA:20,1
DA:27,1
DA:29,0
DA:30,0
DA:31,0
LF:9
LH:6
end_of_record
