SF:lib\presentation\pages\home_tv_part.dart
DA:4,1
DA:6,0
DA:8,0
DA:9,0
DA:11,0
DA:12,0
DA:14,0
DA:15,0
DA:17,0
DA:18,0
DA:19,0
DA:23,0
DA:24,0
DA:30,0
DA:32,0
DA:33,0
DA:35,0
DA:36,0
DA:37,0
DA:41,0
DA:42,0
DA:48,0
DA:50,0
DA:51,0
DA:53,0
DA:54,0
DA:55,0
DA:59,0
DA:60,0
DA:74,0
DA:76,0
DA:78,0
DA:80,0
DA:82,0
DA:83,0
DA:84,0
DA:86,0
DA:87,0
DA:88,0
DA:91,0
DA:94,0
DA:96,0
DA:101,0
LF:43
LH:1
end_of_record
SF:lib\presentation\pages\home_movie_part.dart
DA:4,1
DA:6,1
DA:8,1
DA:9,1
DA:11,1
DA:12,1
DA:14,1
DA:16,1
DA:17,1
DA:18,1
DA:23,1
DA:24,2
DA:29,1
DA:31,0
DA:32,0
DA:35,1
DA:36,1
DA:37,1
DA:42,1
DA:43,2
DA:49,1
DA:51,0
DA:52,0
DA:54,1
DA:55,1
DA:56,1
DA:61,1
DA:62,2
DA:77,1
DA:79,1
DA:81,1
DA:83,1
DA:85,1
DA:86,2
DA:87,1
DA:89,1
DA:90,0
DA:91,0
DA:94,0
DA:97,1
DA:99,2
DA:104,2
LF:42
LH:35
end_of_record
SF:lib\presentation\pages\home_page.dart
DA:20,1
DA:22,1
DA:23,1
DA:27,1
DA:29,1
DA:31,2
DA:32,3
DA:33,3
DA:34,3
DA:37,2
DA:38,3
DA:39,3
DA:40,3
DA:44,1
DA:46,1
DA:48,1
DA:49,1
DA:50,1
DA:51,1
DA:59,1
DA:62,0
DA:63,0
DA:66,1
DA:67,0
DA:68,0
DA:73,1
DA:74,0
DA:75,0
DA:83,1
DA:91,1
DA:92,1
DA:93,0
DA:94,0
DA:114,1
DA:115,1
DA:117,1
DA:118,1
DA:120,1
DA:122,1
DA:124,1
DA:126,1
LF:41
LH:33
end_of_record
SF:lib\presentation\widget\image_card.dart
DA:9,2
DA:11,1
DA:13,2
DA:15,2
DA:16,0
DA:17,0
DA:18,0
DA:19,0
DA:22,0
DA:24,1
DA:25,0
DA:26,0
DA:27,0
DA:28,0
DA:31,0
DA:33,1
DA:34,0
DA:35,0
DA:36,0
DA:37,0
DA:38,0
DA:41,0
DA:44,1
DA:45,2
DA:46,1
DA:49,0
LF:26
LH:9
end_of_record
